2023-04-18 20:47:08 INFO  Log:14 - ******************************
2023-04-18 20:47:08 INFO  Log:15 - ******************************
2023-04-18 20:47:08 INFO  Log:16 - ************This is the beginning of my test**************
2023-04-18 20:47:08 INFO  Log:28 - My test case is executing right now
2023-04-18 20:47:08 INFO  Log:33 - My test case might have some trivial issues
2023-04-18 20:47:42 INFO  Log:28 - This test case is about o get completed
2023-04-18 20:47:42 INFO  Log:21 - ######################################
2023-04-18 20:47:42 INFO  Log:22 - ######################################
2023-04-18 20:47:42 INFO  Log:23 - ##############This test case is finished########################
2023-04-18 21:01:12 INFO  Log:14 - ******************************
2023-04-18 21:01:12 INFO  Log:15 - ******************************
2023-04-18 21:01:12 INFO  Log:16 - ************This is the beginning of my test**************
2023-04-18 21:01:12 INFO  Log:28 - My test case is executing right now
2023-04-18 21:01:12 INFO  Log:33 - My test case might have some trivial issues
2023-04-18 21:01:18 INFO  Log:28 - This test case is about o get completed
2023-04-18 21:01:18 INFO  Log:21 - ######################################
2023-04-18 21:01:18 INFO  Log:22 - ######################################
2023-04-18 21:01:18 INFO  Log:23 - ##############This test case is finished########################
2023-04-18 21:55:58 INFO  Log:14 - ******************************
2023-04-18 21:55:58 INFO  Log:15 - ******************************
2023-04-18 21:55:58 INFO  Log:16 - ************This is the beginning of my test**************
2023-04-18 21:55:58 INFO  Log:28 - My test case is executing right now
2023-04-18 21:55:58 INFO  Log:33 - My test case might have some trivial issues
2023-04-18 21:56:11 INFO  Log:28 - This test case is about o get completed
2023-04-18 21:56:11 INFO  Log:21 - ######################################
2023-04-18 21:56:11 INFO  Log:22 - ######################################
2023-04-18 21:56:11 INFO  Log:23 - ##############This test case is finished########################
2023-05-13 12:28:35 INFO  Log:14 - ******************************
2023-05-13 12:28:35 INFO  Log:15 - ******************************
2023-05-13 12:28:35 INFO  Log:16 - ************This is the beginning of my test**************
2023-05-13 12:28:35 INFO  Log:28 - My test case is executing right now
2023-05-13 12:28:35 INFO  Log:33 - My test case might have some trivial issues
2023-05-13 12:28:43 INFO  Log:28 - This test case is about o get completed
2023-05-13 12:28:43 INFO  Log:21 - ######################################
2023-05-13 12:28:43 INFO  Log:22 - ######################################
2023-05-13 12:28:43 INFO  Log:23 - ##############This test case is finished########################
2023-05-13 12:31:02 INFO  Log:14 - ******************************
2023-05-13 12:31:02 INFO  Log:15 - ******************************
2023-05-13 12:31:02 INFO  Log:16 - ************This is the beginning of my test**************
2023-05-13 12:31:02 INFO  Log:28 - My test case is executing right now
2023-05-13 12:31:02 INFO  Log:33 - My test case might have some trivial issues
2023-05-13 12:31:07 INFO  Log:28 - This test case is about o get completed
2023-05-13 12:31:07 INFO  Log:21 - ######################################
2023-05-13 12:31:07 INFO  Log:22 - ######################################
2023-05-13 12:31:07 INFO  Log:23 - ##############This test case is finished########################
2023-05-13 12:38:41 INFO  Log:14 - ******************************
2023-05-13 12:38:41 INFO  Log:15 - ******************************
2023-05-13 12:38:41 INFO  Log:16 - ************This is the beginning of my test**************
2023-05-13 12:38:41 INFO  Log:28 - My test case is executing right now
2023-05-13 12:38:41 INFO  Log:33 - My test case might have some trivial issues
2023-05-13 12:38:46 INFO  Log:28 - This test case is about o get completed
2023-05-13 12:38:46 INFO  Log:21 - ######################################
2023-05-13 12:38:46 INFO  Log:22 - ######################################
2023-05-13 12:38:46 INFO  Log:23 - ##############This test case is finished########################
2023-05-13 12:39:54 INFO  Log:14 - ******************************
2023-05-13 12:39:54 INFO  Log:15 - ******************************
2023-05-13 12:39:54 INFO  Log:16 - ************This is the beginning of my test**************
2023-05-13 12:39:54 INFO  Log:28 - My test case is executing right now
2023-05-13 12:39:54 INFO  Log:33 - My test case might have some trivial issues
2023-05-13 12:40:03 INFO  Log:28 - This test case is about o get completed
2023-05-13 12:40:03 INFO  Log:21 - ######################################
2023-05-13 12:40:03 INFO  Log:22 - ######################################
2023-05-13 12:40:03 INFO  Log:23 - ##############This test case is finished########################
2023-05-13 12:49:32 INFO  Log:14 - ******************************
2023-05-13 12:49:32 INFO  Log:15 - ******************************
2023-05-13 12:49:32 INFO  Log:16 - ************This is the beginning of my test**************
2023-05-13 12:49:32 INFO  Log:28 - My test case is executing right now
2023-05-13 12:49:32 INFO  Log:33 - My test case might have some trivial issues
2023-05-13 12:49:39 INFO  Log:28 - This test case is about o get completed
2023-05-13 12:49:39 INFO  Log:21 - ######################################
2023-05-13 12:49:39 INFO  Log:22 - ######################################
2023-05-13 12:49:39 INFO  Log:23 - ##############This test case is finished########################
2023-05-13 12:54:09 INFO  Log:14 - ******************************
2023-05-13 12:54:09 INFO  Log:15 - ******************************
2023-05-13 12:54:09 INFO  Log:16 - ************This is the beginning of my test**************
2023-05-13 12:54:09 INFO  Log:28 - My test case is executing right now
2023-05-13 12:54:09 INFO  Log:33 - My test case might have some trivial issues
2023-05-13 12:54:15 INFO  Log:28 - This test case is about o get completed
2023-05-13 12:54:15 INFO  Log:21 - ######################################
2023-05-13 12:54:15 INFO  Log:22 - ######################################
2023-05-13 12:54:15 INFO  Log:23 - ##############This test case is finished########################
2023-05-13 13:01:22 INFO  Log:14 - ******************************
2023-05-13 13:01:22 INFO  Log:15 - ******************************
2023-05-13 13:01:22 INFO  Log:16 - ************This is the beginning of my test**************
2023-05-13 13:01:22 INFO  Log:28 - My test case is executing right now
2023-05-13 13:01:22 INFO  Log:33 - My test case might have some trivial issues
2023-05-13 13:01:29 INFO  Log:28 - This test case is about o get completed
2023-05-13 13:01:29 INFO  Log:21 - ######################################
2023-05-13 13:01:29 INFO  Log:22 - ######################################
2023-05-13 13:01:29 INFO  Log:23 - ##############This test case is finished########################
2023-05-13 13:03:04 INFO  Log:14 - ******************************
2023-05-13 13:03:04 INFO  Log:15 - ******************************
2023-05-13 13:03:04 INFO  Log:16 - ************This is the beginning of my test**************
2023-05-13 13:03:04 INFO  Log:28 - My test case is executing right now
2023-05-13 13:03:04 INFO  Log:33 - My test case might have some trivial issues
2023-05-13 13:03:10 INFO  Log:28 - This test case is about o get completed
2023-05-13 13:03:10 INFO  Log:21 - ######################################
2023-05-13 13:03:10 INFO  Log:22 - ######################################
2023-05-13 13:03:10 INFO  Log:23 - ##############This test case is finished########################
2023-05-13 13:03:37 INFO  Log:14 - ******************************
2023-05-13 13:03:37 INFO  Log:15 - ******************************
2023-05-13 13:03:37 INFO  Log:16 - ************This is the beginning of my test**************
2023-05-13 13:03:37 INFO  Log:28 - My test case is executing right now
2023-05-13 13:03:37 INFO  Log:33 - My test case might have some trivial issues
2023-05-13 13:03:44 INFO  Log:28 - This test case is about o get completed
2023-05-13 13:03:44 INFO  Log:21 - ######################################
2023-05-13 13:03:44 INFO  Log:22 - ######################################
2023-05-13 13:03:44 INFO  Log:23 - ##############This test case is finished########################
2023-05-13 13:05:19 INFO  Log:14 - ******************************
2023-05-13 13:05:19 INFO  Log:15 - ******************************
2023-05-13 13:05:19 INFO  Log:16 - ************This is the beginning of my test**************
2023-05-13 13:05:19 INFO  Log:28 - My test case is executing right now
2023-05-13 13:05:19 INFO  Log:33 - My test case might have some trivial issues
2023-05-13 13:05:24 INFO  Log:28 - This test case is about o get completed
2023-05-13 13:05:24 INFO  Log:21 - ######################################
2023-05-13 13:05:24 INFO  Log:22 - ######################################
2023-05-13 13:05:24 INFO  Log:23 - ##############This test case is finished########################
2023-05-13 13:05:25 INFO  Log:14 - ******************************
2023-05-13 13:05:25 INFO  Log:15 - ******************************
2023-05-13 13:05:25 INFO  Log:16 - ************This is the beginning of my test**************
2023-05-13 13:05:25 INFO  Log:28 - My test case is executing right now
2023-05-13 13:05:25 INFO  Log:33 - My test case might have some trivial issues
2023-05-13 13:05:32 INFO  Log:28 - This test case is about o get completed
2023-05-13 13:05:32 INFO  Log:21 - ######################################
2023-05-13 13:05:32 INFO  Log:22 - ######################################
2023-05-13 13:05:32 INFO  Log:23 - ##############This test case is finished########################
2023-05-13 13:05:33 INFO  Log:14 - ******************************
2023-05-13 13:05:33 INFO  Log:15 - ******************************
2023-05-13 13:05:33 INFO  Log:16 - ************This is the beginning of my test**************
2023-05-13 13:05:33 INFO  Log:28 - My test case is executing right now
2023-05-13 13:05:33 INFO  Log:33 - My test case might have some trivial issues
2023-05-13 13:05:38 INFO  Log:28 - This test case is about o get completed
2023-05-13 13:05:38 INFO  Log:21 - ######################################
2023-05-13 13:05:38 INFO  Log:22 - ######################################
2023-05-13 13:05:38 INFO  Log:23 - ##############This test case is finished########################
2023-05-13 13:05:40 INFO  Log:14 - ******************************
2023-05-13 13:05:40 INFO  Log:15 - ******************************
2023-05-13 13:05:40 INFO  Log:16 - ************This is the beginning of my test**************
2023-05-13 13:05:40 INFO  Log:28 - My test case is executing right now
2023-05-13 13:05:40 INFO  Log:33 - My test case might have some trivial issues
2023-05-13 13:05:48 INFO  Log:28 - This test case is about o get completed
2023-05-13 13:05:48 INFO  Log:21 - ######################################
2023-05-13 13:05:48 INFO  Log:22 - ######################################
2023-05-13 13:05:48 INFO  Log:23 - ##############This test case is finished########################
2023-05-13 13:05:49 INFO  Log:14 - ******************************
2023-05-13 13:05:49 INFO  Log:15 - ******************************
2023-05-13 13:05:49 INFO  Log:16 - ************This is the beginning of my test**************
2023-05-13 13:05:49 INFO  Log:28 - My test case is executing right now
2023-05-13 13:05:49 INFO  Log:33 - My test case might have some trivial issues
2023-05-13 13:05:51 INFO  Log:28 - This test case is about o get completed
2023-05-13 13:05:51 INFO  Log:21 - ######################################
2023-05-13 13:05:51 INFO  Log:22 - ######################################
2023-05-13 13:05:51 INFO  Log:23 - ##############This test case is finished########################
2023-05-13 13:05:53 INFO  Log:14 - ******************************
2023-05-13 13:05:53 INFO  Log:15 - ******************************
2023-05-13 13:05:53 INFO  Log:16 - ************This is the beginning of my test**************
2023-05-13 13:05:53 INFO  Log:28 - My test case is executing right now
2023-05-13 13:05:53 INFO  Log:33 - My test case might have some trivial issues
2023-05-13 13:05:55 INFO  Log:28 - This test case is about o get completed
2023-05-13 13:05:55 INFO  Log:21 - ######################################
2023-05-13 13:05:55 INFO  Log:22 - ######################################
2023-05-13 13:05:55 INFO  Log:23 - ##############This test case is finished########################
2023-05-13 13:05:57 INFO  Log:14 - ******************************
2023-05-13 13:05:57 INFO  Log:15 - ******************************
2023-05-13 13:05:57 INFO  Log:16 - ************This is the beginning of my test**************
2023-05-13 13:05:57 INFO  Log:28 - My test case is executing right now
2023-05-13 13:05:57 INFO  Log:33 - My test case might have some trivial issues
2023-05-13 13:05:58 INFO  Log:28 - This test case is about o get completed
2023-05-13 13:05:58 INFO  Log:21 - ######################################
2023-05-13 13:05:58 INFO  Log:22 - ######################################
2023-05-13 13:05:58 INFO  Log:23 - ##############This test case is finished########################
2023-05-13 13:06:00 INFO  Log:14 - ******************************
2023-05-13 13:06:00 INFO  Log:15 - ******************************
2023-05-13 13:06:00 INFO  Log:16 - ************This is the beginning of my test**************
2023-05-13 13:06:00 INFO  Log:28 - My test case is executing right now
2023-05-13 13:06:00 INFO  Log:33 - My test case might have some trivial issues
2023-05-13 13:06:02 INFO  Log:28 - This test case is about o get completed
2023-05-13 13:06:02 INFO  Log:21 - ######################################
2023-05-13 13:06:02 INFO  Log:22 - ######################################
2023-05-13 13:06:02 INFO  Log:23 - ##############This test case is finished########################
2023-05-13 13:06:04 INFO  Log:14 - ******************************
2023-05-13 13:06:04 INFO  Log:15 - ******************************
2023-05-13 13:06:04 INFO  Log:16 - ************This is the beginning of my test**************
2023-05-13 13:06:04 INFO  Log:28 - My test case is executing right now
2023-05-13 13:06:04 INFO  Log:33 - My test case might have some trivial issues
2023-05-13 13:06:06 INFO  Log:28 - This test case is about o get completed
2023-05-13 13:06:06 INFO  Log:21 - ######################################
2023-05-13 13:06:06 INFO  Log:22 - ######################################
2023-05-13 13:06:06 INFO  Log:23 - ##############This test case is finished########################
2023-05-13 13:06:08 INFO  Log:14 - ******************************
2023-05-13 13:06:08 INFO  Log:15 - ******************************
2023-05-13 13:06:08 INFO  Log:16 - ************This is the beginning of my test**************
2023-05-13 13:06:08 INFO  Log:28 - My test case is executing right now
2023-05-13 13:06:08 INFO  Log:33 - My test case might have some trivial issues
2023-05-13 13:06:14 INFO  Log:28 - This test case is about o get completed
2023-05-13 13:06:14 INFO  Log:21 - ######################################
2023-05-13 13:06:14 INFO  Log:22 - ######################################
2023-05-13 13:06:14 INFO  Log:23 - ##############This test case is finished########################
2023-05-13 13:07:13 INFO  Log:14 - ******************************
2023-05-13 13:07:13 INFO  Log:15 - ******************************
2023-05-13 13:07:13 INFO  Log:16 - ************This is the beginning of my test**************
2023-05-13 13:07:13 INFO  Log:28 - My test case is executing right now
2023-05-13 13:07:13 INFO  Log:33 - My test case might have some trivial issues
2023-05-13 13:07:20 INFO  Log:28 - This test case is about o get completed
2023-05-13 13:07:20 INFO  Log:21 - ######################################
2023-05-13 13:07:20 INFO  Log:22 - ######################################
2023-05-13 13:07:20 INFO  Log:23 - ##############This test case is finished########################
2023-05-13 13:08:15 INFO  Log:14 - ******************************
2023-05-13 13:08:15 INFO  Log:15 - ******************************
2023-05-13 13:08:15 INFO  Log:16 - ************This is the beginning of my test**************
2023-05-13 13:08:15 INFO  Log:28 - My test case is executing right now
2023-05-13 13:08:15 INFO  Log:33 - My test case might have some trivial issues
2023-05-13 13:08:22 INFO  Log:28 - This test case is about o get completed
2023-05-13 13:08:22 INFO  Log:21 - ######################################
2023-05-13 13:08:22 INFO  Log:22 - ######################################
2023-05-13 13:08:22 INFO  Log:23 - ##############This test case is finished########################
2023-05-13 13:09:11 INFO  Log:14 - ******************************
2023-05-13 13:09:11 INFO  Log:15 - ******************************
2023-05-13 13:09:11 INFO  Log:16 - ************This is the beginning of my test**************
2023-05-13 13:09:11 INFO  Log:28 - My test case is executing right now
2023-05-13 13:09:11 INFO  Log:33 - My test case might have some trivial issues
2023-05-13 13:09:18 INFO  Log:28 - This test case is about o get completed
2023-05-13 13:09:18 INFO  Log:21 - ######################################
2023-05-13 13:09:18 INFO  Log:22 - ######################################
2023-05-13 13:09:18 INFO  Log:23 - ##############This test case is finished########################
2023-05-13 13:09:36 INFO  Log:14 - ******************************
2023-05-13 13:09:36 INFO  Log:15 - ******************************
2023-05-13 13:09:36 INFO  Log:16 - ************This is the beginning of my test**************
2023-05-13 13:09:36 INFO  Log:28 - My test case is executing right now
2023-05-13 13:09:36 INFO  Log:33 - My test case might have some trivial issues
2023-05-13 13:09:41 INFO  Log:28 - This test case is about o get completed
2023-05-13 13:09:41 INFO  Log:21 - ######################################
2023-05-13 13:09:41 INFO  Log:22 - ######################################
2023-05-13 13:09:41 INFO  Log:23 - ##############This test case is finished########################
2023-05-13 13:09:43 INFO  Log:14 - ******************************
2023-05-13 13:09:43 INFO  Log:15 - ******************************
2023-05-13 13:09:43 INFO  Log:16 - ************This is the beginning of my test**************
2023-05-13 13:09:43 INFO  Log:28 - My test case is executing right now
2023-05-13 13:09:43 INFO  Log:33 - My test case might have some trivial issues
2023-05-13 13:09:50 INFO  Log:28 - This test case is about o get completed
2023-05-13 13:09:50 INFO  Log:21 - ######################################
2023-05-13 13:09:50 INFO  Log:22 - ######################################
2023-05-13 13:09:50 INFO  Log:23 - ##############This test case is finished########################
2023-05-13 13:09:51 INFO  Log:14 - ******************************
2023-05-13 13:09:51 INFO  Log:15 - ******************************
2023-05-13 13:09:51 INFO  Log:16 - ************This is the beginning of my test**************
2023-05-13 13:09:51 INFO  Log:28 - My test case is executing right now
2023-05-13 13:09:51 INFO  Log:33 - My test case might have some trivial issues
2023-05-13 13:09:56 INFO  Log:28 - This test case is about o get completed
2023-05-13 13:09:56 INFO  Log:21 - ######################################
2023-05-13 13:09:56 INFO  Log:22 - ######################################
2023-05-13 13:09:56 INFO  Log:23 - ##############This test case is finished########################
2023-05-13 13:09:58 INFO  Log:14 - ******************************
2023-05-13 13:09:58 INFO  Log:15 - ******************************
2023-05-13 13:09:58 INFO  Log:16 - ************This is the beginning of my test**************
2023-05-13 13:09:58 INFO  Log:28 - My test case is executing right now
2023-05-13 13:09:58 INFO  Log:33 - My test case might have some trivial issues
2023-05-13 13:10:07 INFO  Log:28 - This test case is about o get completed
2023-05-13 13:10:07 INFO  Log:21 - ######################################
2023-05-13 13:10:07 INFO  Log:22 - ######################################
2023-05-13 13:10:07 INFO  Log:23 - ##############This test case is finished########################
2023-05-13 13:10:10 INFO  Log:14 - ******************************
2023-05-13 13:10:10 INFO  Log:15 - ******************************
2023-05-13 13:10:10 INFO  Log:16 - ************This is the beginning of my test**************
2023-05-13 13:10:10 INFO  Log:28 - My test case is executing right now
2023-05-13 13:10:10 INFO  Log:33 - My test case might have some trivial issues
2023-05-13 13:10:12 INFO  Log:28 - This test case is about o get completed
2023-05-13 13:10:12 INFO  Log:21 - ######################################
2023-05-13 13:10:12 INFO  Log:22 - ######################################
2023-05-13 13:10:12 INFO  Log:23 - ##############This test case is finished########################
2023-05-13 13:10:14 INFO  Log:14 - ******************************
2023-05-13 13:10:14 INFO  Log:15 - ******************************
2023-05-13 13:10:14 INFO  Log:16 - ************This is the beginning of my test**************
2023-05-13 13:10:14 INFO  Log:28 - My test case is executing right now
2023-05-13 13:10:14 INFO  Log:33 - My test case might have some trivial issues
2023-05-13 13:10:16 INFO  Log:28 - This test case is about o get completed
2023-05-13 13:10:16 INFO  Log:21 - ######################################
2023-05-13 13:10:16 INFO  Log:22 - ######################################
2023-05-13 13:10:16 INFO  Log:23 - ##############This test case is finished########################
2023-05-13 13:10:18 INFO  Log:14 - ******************************
2023-05-13 13:10:18 INFO  Log:15 - ******************************
2023-05-13 13:10:18 INFO  Log:16 - ************This is the beginning of my test**************
2023-05-13 13:10:18 INFO  Log:28 - My test case is executing right now
2023-05-13 13:10:18 INFO  Log:33 - My test case might have some trivial issues
2023-05-13 13:10:20 INFO  Log:28 - This test case is about o get completed
2023-05-13 13:10:20 INFO  Log:21 - ######################################
2023-05-13 13:10:20 INFO  Log:22 - ######################################
2023-05-13 13:10:20 INFO  Log:23 - ##############This test case is finished########################
2023-05-13 13:10:22 INFO  Log:14 - ******************************
2023-05-13 13:10:22 INFO  Log:15 - ******************************
2023-05-13 13:10:22 INFO  Log:16 - ************This is the beginning of my test**************
2023-05-13 13:10:22 INFO  Log:28 - My test case is executing right now
2023-05-13 13:10:22 INFO  Log:33 - My test case might have some trivial issues
2023-05-13 13:10:24 INFO  Log:28 - This test case is about o get completed
2023-05-13 13:10:24 INFO  Log:21 - ######################################
2023-05-13 13:10:24 INFO  Log:22 - ######################################
2023-05-13 13:10:24 INFO  Log:23 - ##############This test case is finished########################
2023-05-13 13:10:26 INFO  Log:14 - ******************************
2023-05-13 13:10:26 INFO  Log:15 - ******************************
2023-05-13 13:10:26 INFO  Log:16 - ************This is the beginning of my test**************
2023-05-13 13:10:26 INFO  Log:28 - My test case is executing right now
2023-05-13 13:10:26 INFO  Log:33 - My test case might have some trivial issues
2023-05-13 13:10:28 INFO  Log:28 - This test case is about o get completed
2023-05-13 13:10:28 INFO  Log:21 - ######################################
2023-05-13 13:10:28 INFO  Log:22 - ######################################
2023-05-13 13:10:28 INFO  Log:23 - ##############This test case is finished########################
2023-05-13 13:10:30 INFO  Log:14 - ******************************
2023-05-13 13:10:30 INFO  Log:15 - ******************************
2023-05-13 13:10:30 INFO  Log:16 - ************This is the beginning of my test**************
2023-05-13 13:10:30 INFO  Log:28 - My test case is executing right now
2023-05-13 13:10:30 INFO  Log:33 - My test case might have some trivial issues
2023-05-13 13:10:37 INFO  Log:28 - This test case is about o get completed
2023-05-13 13:10:37 INFO  Log:21 - ######################################
2023-05-13 13:10:37 INFO  Log:22 - ######################################
2023-05-13 13:10:37 INFO  Log:23 - ##############This test case is finished########################
2023-05-13 13:11:05 INFO  Log:14 - ******************************
2023-05-13 13:11:05 INFO  Log:15 - ******************************
2023-05-13 13:11:05 INFO  Log:16 - ************This is the beginning of my test**************
2023-05-13 13:11:05 INFO  Log:28 - My test case is executing right now
2023-05-13 13:11:05 INFO  Log:33 - My test case might have some trivial issues
2023-05-13 13:11:12 INFO  Log:28 - This test case is about o get completed
2023-05-13 13:11:12 INFO  Log:21 - ######################################
2023-05-13 13:11:12 INFO  Log:22 - ######################################
2023-05-13 13:11:12 INFO  Log:23 - ##############This test case is finished########################
2023-05-30 21:25:51 INFO  Log:14 - ******************************
2023-05-30 21:25:51 INFO  Log:15 - ******************************
2023-05-30 21:25:51 INFO  Log:16 - ************This is the beginning of my test**************
2023-05-30 21:25:51 INFO  Log:28 - My test case is executing right now
2023-05-30 21:25:51 INFO  Log:33 - My test case might have some trivial issues
2023-05-30 21:26:01 INFO  Log:28 - This test case is about o get completed
2023-05-30 21:26:01 INFO  Log:21 - ######################################
2023-05-30 21:26:01 INFO  Log:22 - ######################################
2023-05-30 21:26:01 INFO  Log:23 - ##############This test case is finished########################
2023-05-30 21:32:36 INFO  Log:14 - ******************************
2023-05-30 21:32:36 INFO  Log:15 - ******************************
2023-05-30 21:32:36 INFO  Log:16 - ************This is the beginning of my test**************
2023-05-30 21:32:36 INFO  Log:28 - My test case is executing right now
2023-05-30 21:32:36 INFO  Log:33 - My test case might have some trivial issues
2023-05-30 21:33:35 INFO  Log:28 - This test case is about o get completed
2023-05-30 21:33:35 INFO  Log:21 - ######################################
2023-05-30 21:33:35 INFO  Log:22 - ######################################
2023-05-30 21:33:35 INFO  Log:23 - ##############This test case is finished########################
2023-06-17 10:58:20 INFO  Log:14 - ******************************
2023-06-17 10:58:20 INFO  Log:15 - ******************************
2023-06-17 10:58:20 INFO  Log:16 - ************This is the beginning of my test**************
2023-06-17 10:58:20 INFO  Log:28 - My test case is executing right now
2023-06-17 10:58:20 INFO  Log:33 - My test case might have some trivial issues
2023-06-17 10:58:35 INFO  Log:28 - This test case is about o get completed
2023-06-17 10:58:35 INFO  Log:21 - ######################################
2023-06-17 10:58:35 INFO  Log:22 - ######################################
2023-06-17 10:58:35 INFO  Log:23 - ##############This test case is finished########################
2023-06-17 10:59:47 INFO  Log:14 - ******************************
2023-06-17 10:59:47 INFO  Log:15 - ******************************
2023-06-17 10:59:47 INFO  Log:16 - ************This is the beginning of my test**************
2023-06-17 10:59:47 INFO  Log:28 - My test case is executing right now
2023-06-17 10:59:47 INFO  Log:33 - My test case might have some trivial issues
2023-06-17 11:00:01 INFO  Log:28 - This test case is about o get completed
2023-06-17 11:00:01 INFO  Log:21 - ######################################
2023-06-17 11:00:01 INFO  Log:22 - ######################################
2023-06-17 11:00:01 INFO  Log:23 - ##############This test case is finished########################
2023-06-17 11:00:15 INFO  Log:14 - ******************************
2023-06-17 11:00:15 INFO  Log:15 - ******************************
2023-06-17 11:00:15 INFO  Log:16 - ************This is the beginning of my test**************
2023-06-17 11:00:15 INFO  Log:28 - My test case is executing right now
2023-06-17 11:00:15 INFO  Log:33 - My test case might have some trivial issues
2023-06-17 11:00:28 INFO  Log:28 - This test case is about o get completed
2023-06-17 11:00:28 INFO  Log:21 - ######################################
2023-06-17 11:00:28 INFO  Log:22 - ######################################
2023-06-17 11:00:28 INFO  Log:23 - ##############This test case is finished########################
2023-06-17 11:01:52 INFO  Log:14 - ******************************
2023-06-17 11:01:52 INFO  Log:15 - ******************************
2023-06-17 11:01:52 INFO  Log:16 - ************This is the beginning of my test**************
2023-06-17 11:01:52 INFO  Log:28 - My test case is executing right now
2023-06-17 11:01:52 INFO  Log:33 - My test case might have some trivial issues
2023-06-17 11:02:05 INFO  Log:28 - This test case is about o get completed
2023-06-17 11:02:05 INFO  Log:21 - ######################################
2023-06-17 11:02:05 INFO  Log:22 - ######################################
2023-06-17 11:02:05 INFO  Log:23 - ##############This test case is finished########################
2023-06-28 20:15:13 INFO  Log:14 - ******************************
2023-06-28 20:15:13 INFO  Log:15 - ******************************
2023-06-28 20:15:13 INFO  Log:16 - ************This is the beginning of my test**************
2023-06-28 20:15:13 INFO  Log:28 - My test case is executing right now
2023-06-28 20:15:13 INFO  Log:33 - My test case might have some trivial issues
2023-06-28 20:15:27 INFO  Log:28 - This test case is about o get completed
2023-06-28 20:15:27 INFO  Log:21 - ######################################
2023-06-28 20:15:27 INFO  Log:22 - ######################################
2023-06-28 20:15:27 INFO  Log:23 - ##############This test case is finished########################
